<?xml version="1.0" encoding="UTF-8"?>
<testng-results skipped="0" failed="0" total="2" passed="2">
  <reporter-output>
  </reporter-output>
  <suite name="Surefire suite" duration-ms="545" started-at="2018-05-11T12:08:46Z" finished-at="2018-05-11T12:08:46Z">
    <groups>
    </groups>
    <test name="Surefire test" duration-ms="545" started-at="2018-05-11T12:08:46Z" finished-at="2018-05-11T12:08:46Z">
      <class name="org.wso2.apimgt.gateway.codegen.test.CodeGeneratorTest">
        <test-method status="PASS" signature="setup()[pri:0, instance:org.wso2.apimgt.gateway.codegen.test.CodeGeneratorTest@6108b2d7]" name="setup" is-config="true" duration-ms="8" started-at="2018-05-11T17:38:46Z" finished-at="2018-05-11T17:38:46Z">
          <reporter-output>
          </reporter-output>
        </test-method> <!-- setup -->
        <test-method status="PASS" signature="generateClient()[pri:0, instance:org.wso2.apimgt.gateway.codegen.test.CodeGeneratorTest@6108b2d7]" name="generateClient" duration-ms="467" started-at="2018-05-11T17:38:46Z" description="Test Ballerina client generation" finished-at="2018-05-11T17:38:46Z">
          <reporter-output>
          </reporter-output>
        </test-method> <!-- generateClient -->
        <test-method status="PASS" signature="generateSkeleton()[pri:0, instance:org.wso2.apimgt.gateway.codegen.test.CodeGeneratorTest@6108b2d7]" name="generateSkeleton" duration-ms="62" started-at="2018-05-11T17:38:46Z" description="Test Ballerina skeleton generation" finished-at="2018-05-11T17:38:46Z">
          <reporter-output>
          </reporter-output>
        </test-method> <!-- generateSkeleton -->
      </class> <!-- org.wso2.apimgt.gateway.codegen.test.CodeGeneratorTest -->
    </test> <!-- Surefire test -->
  </suite> <!-- Surefire suite -->
</testng-results>
